app/build/outputs/logs/manifest-merger-debug-report.txt
-- Merging decision tree log ---
manifest
ADDED from src\main\AndroidManifest.xml:2:1-173:12
INJECTED from src\main\AndroidManifest.xml:2:1-173:12
MERGED from [com.afollestad.material-dialogs:core:0.9.4.5] AndroidManifest.xml:2:1-15:12
MERGED from [com.android.support:appcompat-v7:27.0.2] AndroidManifest.xml:17:1-22:12
MERGED from [com.jakewharton:butterknife:8.5.1] AndroidManifest.xml:2:1-7:12
MERGED from [me.zhanghai.android.materialprogressbar:library:1.4.1] AndroidManifest.xml:6:1-16:12
MERGED from [com.android.support:support-fragment:27.0.2] AndroidManifest.xml:17:1-22:12
MERGED from [com.android.support:support-core-utils:27.0.2] AndroidManifest.xml:17:1-22:12
MERGED from [com.android.support:animated-vector-drawable:27.0.2] AndroidManifest.xml:17:1-22:12
MERGED from [com.android.support:support-vector-drawable:27.0.2] AndroidManifest.xml:17:1-22:12
MERGED from [com.android.support:support-core-ui:27.0.2] AndroidManifest.xml:17:1-22:12
MERGED from [com.android.support:support-compat:27.0.2] AndroidManifest.xml:17:1-22:12
MERGED from [android.arch.lifecycle:runtime:1.0.3] AndroidManifest.xml:17:1-24:12
INJECTED from src\main\AndroidManifest.xml:2:1-173:12
	package
		ADDED from src\main\AndroidManifest.xml:3:5-41
		INJECTED from src\main\AndroidManifest.xml
		INJECTED from src\main\AndroidManifest.xml
	xmlns:android
		ADDED from src\main\AndroidManifest.xml:2:11-69
uses-permission#android.permission.BLUETOOTH
ADDED from src\main\AndroidManifest.xml:5:5-68
	android:name
		ADDED from src\main\AndroidManifest.xml:5:22-65
uses-permission#android.permission.BLUETOOTH_ADMIN
ADDED from src\main\AndroidManifest.xml:6:5-74
	android:name
		ADDED from src\main\AndroidManifest.xml:6:22-71
uses-permission#android.permission.WRITE_CONTACTS
ADDED from src\main\AndroidManifest.xml:7:5-73
	android:name
		ADDED from src\main\AndroidManifest.xml:7:22-70
uses-permission#android.permission.SET_DEBUG_APP
ADDED from src\main\AndroidManifest.xml:8:5-72
	android:name
		ADDED from src\main\AndroidManifest.xml:8:22-69
uses-permission#android.permission.READ_EXTERNAL_STORAGE
ADDED from src\main\AndroidManifest.xml:9:5-80
	android:name
		ADDED from src\main\AndroidManifest.xml:9:22-77
uses-permission#android.permission.SYSTEM_ALERT_WINDOW
ADDED from src\main\AndroidManifest.xml:10:5-78
	android:name
		ADDED from src\main\AndroidManifest.xml:10:22-75
uses-permission#android.permission.ACCESS_NETWORK_STATE
ADDED from src\main\AndroidManifest.xml:11:5-79
	android:name
		ADDED from src\main\AndroidManifest.xml:11:22-76
uses-permission#android.permission.CHANGE_WIFI_STATE
ADDED from src\main\AndroidManifest.xml:12:5-76
	android:name
		ADDED from src\main\AndroidManifest.xml:12:22-73
uses-permission#android.permission.ACCESS_WIFI_STATE
ADDED from src\main\AndroidManifest.xml:13:5-76
	android:name
		ADDED from src\main\AndroidManifest.xml:13:22-73
uses-permission#android.permission.BAIDU_LOCATION_SERVICE
ADDED from src\main\AndroidManifest.xml:14:5-15:23
	android:name
		ADDED from src\main\AndroidManifest.xml:14:22-78
uses-permission#android.permission.ACCESS_COARSE_LOCATION
ADDED from src\main\AndroidManifest.xml:16:5-17:23
	android:name
		ADDED from src\main\AndroidManifest.xml:16:22-78
uses-permission#android.permission.INTERNET
ADDED from src\main\AndroidManifest.xml:18:5-19:23
	android:name
		ADDED from src\main\AndroidManifest.xml:18:22-64
uses-permission#android.permission.ACCESS_MOCK_LOCATION
ADDED from src\main\AndroidManifest.xml:20:5-21:23
	android:name
		ADDED from src\main\AndroidManifest.xml:20:22-76
uses-permission#android.permission.ACCESS_FINE_LOCATION
ADDED from src\main\AndroidManifest.xml:23:5-24:23
	android:name
		ADDED from src\main\AndroidManifest.xml:23:22-76
uses-permission#com.android.launcher.permission.READ_SETTINGS
ADDED from src\main\AndroidManifest.xml:25:5-85
	android:name
		ADDED from src\main\AndroidManifest.xml:25:22-82
uses-permission#android.permission.WAKE_LOCK
ADDED from src\main\AndroidManifest.xml:26:5-27:23
	android:name
		ADDED from src\main\AndroidManifest.xml:26:22-65
uses-permission#android.permission.ACCESS_GPS
ADDED from src\main\AndroidManifest.xml:29:5-69
	android:name
		ADDED from src\main\AndroidManifest.xml:29:22-66
uses-permission#android.permission.READ_PHONE_STATE
ADDED from src\main\AndroidManifest.xml:30:5-75
	android:name
		ADDED from src\main\AndroidManifest.xml:30:22-72
uses-permission#android.permission.READ_CONTACTS
ADDED from src\main\AndroidManifest.xml:31:5-72
	android:name
		ADDED from src\main\AndroidManifest.xml:31:22-69
uses-permission#android.permission.CALL_PHONE
ADDED from src\main\AndroidManifest.xml:32:5-69
	android:name
		ADDED from src\main\AndroidManifest.xml:32:22-66
uses-permission#android.permission.READ_SMS
ADDED from src\main\AndroidManifest.xml:33:5-67
	android:name
		ADDED from src\main\AndroidManifest.xml:33:22-64
uses-permission#android.permission.SEND_SMS
ADDED from src\main\AndroidManifest.xml:34:5-67
	android:name
		ADDED from src\main\AndroidManifest.xml:34:22-64
uses-permission#android.permission.GET_TASKS
ADDED from src\main\AndroidManifest.xml:36:5-68
	android:name
		ADDED from src\main\AndroidManifest.xml:36:22-65
uses-permission#android.permission.CAMERA
ADDED from src\main\AndroidManifest.xml:37:5-38:23
	android:name
		ADDED from src\main\AndroidManifest.xml:37:22-62
uses-permission#android.permission.RECORD_AUDIO
ADDED from src\main\AndroidManifest.xml:39:5-40:23
	android:name
		ADDED from src\main\AndroidManifest.xml:39:22-68
uses-permission#android.permission.WRITE_EXTERNAL_STORAGE
ADDED from src\main\AndroidManifest.xml:41:5-42:23
	android:name
		ADDED from src\main\AndroidManifest.xml:41:22-78
uses-permission#android.permission.RECEIVE_BOOT_COMPLETED
ADDED from src\main\AndroidManifest.xml:43:5-81
	android:name
		ADDED from src\main\AndroidManifest.xml:43:22-78
uses-permission#android.permission.BROADCAST_STICKY
ADDED from src\main\AndroidManifest.xml:44:5-75
	android:name
		ADDED from src\main\AndroidManifest.xml:44:22-72
uses-permission#android.permission.WRITE_SETTINGS
ADDED from src\main\AndroidManifest.xml:45:5-73
	android:name
		ADDED from src\main\AndroidManifest.xml:45:22-70
uses-permission#android.permission.PROCESS_OUTGOING_CALLS
ADDED from src\main\AndroidManifest.xml:47:5-48:23
	android:name
		ADDED from src\main\AndroidManifest.xml:47:22-78
uses-permission#android.permission.MODIFY_AUDIO_SETTINGS
ADDED from src\main\AndroidManifest.xml:50:5-80
	android:name
		ADDED from src\main\AndroidManifest.xml:50:22-77
uses-feature#android.hardware.camera
ADDED from src\main\AndroidManifest.xml:56:5-60
	android:name
		ADDED from src\main\AndroidManifest.xml:56:19-57
uses-feature#android.hardware.camera.autofocus
ADDED from src\main\AndroidManifest.xml:57:5-70
	android:name
		ADDED from src\main\AndroidManifest.xml:57:19-67
uses-permission#android.permission.RECORD_VIDEO
ADDED from src\main\AndroidManifest.xml:59:5-71
	android:name
		ADDED from src\main\AndroidManifest.xml:59:22-68
uses-feature#android.hardware.bluetooth_le
ADDED from src\main\AndroidManifest.xml:64:5-66:35
	android:required
		ADDED from src\main\AndroidManifest.xml:66:9-32
	android:name
		ADDED from src\main\AndroidManifest.xml:65:9-53
uses-permission#android.permission.INSTALL_PACKAGES
ADDED from src\main\AndroidManifest.xml:71:5-75
	android:name
		ADDED from src\main\AndroidManifest.xml:71:22-72
uses-permission#android.permission.DELETE_PACKAGES
ADDED from src\main\AndroidManifest.xml:72:5-74
	android:name
		ADDED from src\main\AndroidManifest.xml:72:22-71
uses-permission#android.permission.CLEAR_APP_CACHE
ADDED from src\main\AndroidManifest.xml:73:5-74
	android:name
		ADDED from src\main\AndroidManifest.xml:73:22-71
uses-permission#android.permission.CLEAR_APP_USER_DATA
ADDED from src\main\AndroidManifest.xml:74:5-78
	android:name
		ADDED from src\main\AndroidManifest.xml:74:22-75
uses-feature#android.hardware.wifi.direct
ADDED from src\main\AndroidManifest.xml:76:5-78:35
	android:required
		ADDED from src\main\AndroidManifest.xml:78:9-32
	android:name
		ADDED from src\main\AndroidManifest.xml:77:9-52
application
ADDED from src\main\AndroidManifest.xml:80:5-171:19
MERGED from [com.afollestad.material-dialogs:core:0.9.4.5] AndroidManifest.xml:13:5-20
MERGED from [com.afollestad.material-dialogs:core:0.9.4.5] AndroidManifest.xml:13:5-20
	android:label
		ADDED from src\main\AndroidManifest.xml:85:9-41
	android:hardwareAccelerated
		ADDED from src\main\AndroidManifest.xml:83:9-44
	android:icon
		ADDED from src\main\AndroidManifest.xml:84:9-45
	android:allowBackup
		ADDED from src\main\AndroidManifest.xml:82:9-35
	android:theme
		ADDED from src\main\AndroidManifest.xml:86:9-56
	android:name
		ADDED from src\main\AndroidManifest.xml:81:9-79
meta-data#com.amap.api.v2.apikey
ADDED from src\main\AndroidManifest.xml:93:9-95:64
	android:value
		ADDED from src\main\AndroidManifest.xml:95:13-61
	android:name
		ADDED from src\main\AndroidManifest.xml:94:13-50
activity#com.infisight.hudprojector.MainActivity
ADDED from src\main\AndroidManifest.xml:97:9-106:20
	android:screenOrientation
		ADDED from src\main\AndroidManifest.xml:100:13-50
	android:label
		ADDED from src\main\AndroidManifest.xml:99:13-45
	android:name
		ADDED from src\main\AndroidManifest.xml:98:13-67
intent-filter#android.intent.action.MAIN+android.intent.category.LAUNCHER
ADDED from src\main\AndroidManifest.xml:101:13-105:29
action#android.intent.action.MAIN
ADDED from src\main\AndroidManifest.xml:102:17-69
	android:name
		ADDED from src\main\AndroidManifest.xml:102:25-66
category#android.intent.category.LAUNCHER
ADDED from src\main\AndroidManifest.xml:104:17-77
	android:name
		ADDED from src\main\AndroidManifest.xml:104:27-74
activity#com.infisight.hudprojector.activity.CameraActivity
ADDED from src\main\AndroidManifest.xml:107:9-108:20
	android:name
		ADDED from src\main\AndroidManifest.xml:107:19-84
activity#com.infisight.hudprojector.fragment.RecorderFragment
ADDED from src\main\AndroidManifest.xml:109:9-111:48
	android:label
		ADDED from src\main\AndroidManifest.xml:111:13-45
	android:name
		ADDED from src\main\AndroidManifest.xml:110:13-80
activity#com.infisight.hudprojector.activity.FileManageActivity
ADDED from src\main\AndroidManifest.xml:112:9-115:20
	android:theme
		ADDED from src\main\AndroidManifest.xml:114:13-44
	android:name
		ADDED from src\main\AndroidManifest.xml:113:13-82
activity#com.infisight.hudprojector.player.RecorderPlayer
ADDED from src\main\AndroidManifest.xml:116:9-119:20
	android:theme
		ADDED from src\main\AndroidManifest.xml:118:13-44
	android:name
		ADDED from src\main\AndroidManifest.xml:117:13-76
activity#com.infisight.hudprojector.player.PlayVideo
ADDED from src\main\AndroidManifest.xml:120:9-123:20
	android:theme
		ADDED from src\main\AndroidManifest.xml:122:13-44
	android:name
		ADDED from src\main\AndroidManifest.xml:121:13-71
activity#com.infisight.hudprojector.player.PicturePlayer
ADDED from src\main\AndroidManifest.xml:124:9-126:47
	android:theme
		ADDED from src\main\AndroidManifest.xml:126:13-44
	android:name
		ADDED from src\main\AndroidManifest.xml:125:13-75
service#com.infisight.hudprojector.service.BackgroundRecorder
ADDED from src\main\AndroidManifest.xml:128:9-89
	android:name
		ADDED from src\main\AndroidManifest.xml:128:18-86
receiver#com.infisight.hudprojector.receiver.BatteryReceiver
ADDED from src\main\AndroidManifest.xml:130:9-136:20
	android:name
		ADDED from src\main\AndroidManifest.xml:130:19-85
intent-filter#android.intent.action.BATTERY_CHANGED+android.intent.action.BATTERY_LOW+android.intent.action.BATTERY_OKAY
ADDED from src\main\AndroidManifest.xml:131:13-135:29
action#android.intent.action.BATTERY_CHANGED
ADDED from src\main\AndroidManifest.xml:132:17-80
	android:name
		ADDED from src\main\AndroidManifest.xml:132:25-77
action#android.intent.action.BATTERY_OKAY
ADDED from src\main\AndroidManifest.xml:133:17-77
	android:name
		ADDED from src\main\AndroidManifest.xml:133:25-74
action#android.intent.action.BATTERY_LOW
ADDED from src\main\AndroidManifest.xml:134:17-76
	android:name
		ADDED from src\main\AndroidManifest.xml:134:25-73
receiver#com.infisight.hudprojector.receiver.MsgReceiver
ADDED from src\main\AndroidManifest.xml:138:9-143:20
	android:name
		ADDED from src\main\AndroidManifest.xml:138:19-81
intent-filter#android.intent.action.BOOT_COMPLETED
ADDED from src\main\AndroidManifest.xml:139:13-142:29
action#android.intent.action.BOOT_COMPLETED
ADDED from src\main\AndroidManifest.xml:140:17-141:26
	android:name
		ADDED from src\main\AndroidManifest.xml:140:25-76
receiver#com.infisight.hudprojector.receiver.StrartingReceiver
ADDED from src\main\AndroidManifest.xml:144:9-148:20
	android:name
		ADDED from src\main\AndroidManifest.xml:144:19-87
service#com.infisight.hudprojector.service.MusicService
ADDED from src\main\AndroidManifest.xml:150:9-151:19
	android:name
		ADDED from src\main\AndroidManifest.xml:150:18-80
service#com.infisight.hudprojector.service.ProcessMsgService
ADDED from src\main\AndroidManifest.xml:152:9-153:19
	android:name
		ADDED from src\main\AndroidManifest.xml:152:18-85
service#com.infisight.hudprojector.remote.BluetoothLeService
ADDED from src\main\AndroidManifest.xml:164:9-165:19
	android:name
		ADDED from src\main\AndroidManifest.xml:164:18-85
service#com.amap.api.location.APSService
ADDED from src\main\AndroidManifest.xml:167:9-168:19
	android:name
		ADDED from src\main\AndroidManifest.xml:167:18-65
service#com.infisight.hudprojector.service.TrafficService
ADDED from src\main\AndroidManifest.xml:169:9-170:19
	android:name
		ADDED from src\main\AndroidManifest.xml:169:18-82
uses-sdk
INJECTED from src\main\AndroidManifest.xml reason: use-sdk injection requested
INJECTED from src\main\AndroidManifest.xml
INJECTED from src\main\AndroidManifest.xml
MERGED from [com.afollestad.material-dialogs:core:0.9.4.5] AndroidManifest.xml:8:5-11:75
MERGED from [com.afollestad.material-dialogs:core:0.9.4.5] AndroidManifest.xml:8:5-11:75
MERGED from [com.android.support:appcompat-v7:27.0.2] AndroidManifest.xml:20:5-44
MERGED from [com.android.support:appcompat-v7:27.0.2] AndroidManifest.xml:20:5-44
MERGED from [com.jakewharton:butterknife:8.5.1] AndroidManifest.xml:5:5-43
MERGED from [com.jakewharton:butterknife:8.5.1] AndroidManifest.xml:5:5-43
MERGED from [me.zhanghai.android.materialprogressbar:library:1.4.1] AndroidManifest.xml:12:5-14:41
MERGED from [me.zhanghai.android.materialprogressbar:library:1.4.1] AndroidManifest.xml:12:5-14:41
MERGED from [com.android.support:support-fragment:27.0.2] AndroidManifest.xml:20:5-44
MERGED from [com.android.support:support-fragment:27.0.2] AndroidManifest.xml:20:5-44
MERGED from [com.android.support:support-core-utils:27.0.2] AndroidManifest.xml:20:5-44
MERGED from [com.android.support:support-core-utils:27.0.2] AndroidManifest.xml:20:5-44
MERGED from [com.android.support:animated-vector-drawable:27.0.2] AndroidManifest.xml:20:5-44
MERGED from [com.android.support:animated-vector-drawable:27.0.2] AndroidManifest.xml:20:5-44
MERGED from [com.android.support:support-vector-drawable:27.0.2] AndroidManifest.xml:20:5-44
MERGED from [com.android.support:support-vector-drawable:27.0.2] AndroidManifest.xml:20:5-44
MERGED from [com.android.support:support-core-ui:27.0.2] AndroidManifest.xml:20:5-44
MERGED from [com.android.support:support-core-ui:27.0.2] AndroidManifest.xml:20:5-44
MERGED from [com.android.support:support-compat:27.0.2] AndroidManifest.xml:20:5-44
MERGED from [com.android.support:support-compat:27.0.2] AndroidManifest.xml:20:5-44
MERGED from [android.arch.lifecycle:runtime:1.0.3] AndroidManifest.xml:20:5-22:41
MERGED from [android.arch.lifecycle:runtime:1.0.3] AndroidManifest.xml:20:5-22:41
INJECTED from src\main\AndroidManifest.xml
INJECTED from src\main\AndroidManifest.xml
	tools:overrideLibrary
		ADDED from [com.afollestad.material-dialogs:core:0.9.4.5] AndroidManifest.xml:11:9-72
	android:targetSdkVersion
		INJECTED from src\main\AndroidManifest.xml
		ADDED from src\main\AndroidManifest.xml
		INJECTED from src\main\AndroidManifest.xml
	android:minSdkVersion
		INJECTED from src\main\AndroidManifest.xml
		ADDED from src\main\AndroidManifest.xml
		INJECTED from src\main\AndroidManifest.xml